2021-11-08 15:53:00,432 INFO    MainThread:8304 [internal.py:wandb_internal():87] W&B internal server running at pid: 8304, started at: 2021-11-08 15:53:00.432539
2021-11-08 15:53:00,432 INFO    WriterThread:8304 [datastore.py:open_for_write():77] open: D:\5th sem project\wandb\run-20211108_155258-18dcn2qd\run-18dcn2qd.wandb
2021-11-08 15:53:00,432 DEBUG   HandlerThread:8304 [handler.py:handle_request():130] handle_request: check_version
2021-11-08 15:53:00,448 DEBUG   SenderThread:8304 [sender.py:send():238] send: header
2021-11-08 15:53:00,448 DEBUG   SenderThread:8304 [sender.py:send_request():252] send_request: check_version
2021-11-08 15:53:00,448 DEBUG   SenderThread:8304 [sender.py:send():238] send: run
2021-11-08 15:53:03,744 ERROR   SenderThread:8304 [retry.py:__call__():126] Retry attempt failed:
Traceback (most recent call last):
  File "C:\ProgramData\Anaconda3\lib\site-packages\urllib3\connection.py", line 169, in _new_conn
    conn = connection.create_connection(
  File "C:\ProgramData\Anaconda3\lib\site-packages\urllib3\util\connection.py", line 73, in create_connection
    for res in socket.getaddrinfo(host, port, family, socket.SOCK_STREAM):
  File "C:\ProgramData\Anaconda3\lib\socket.py", line 918, in getaddrinfo
    for res in _socket.getaddrinfo(host, port, family, type, proto, flags):
socket.gaierror: [Errno 11001] getaddrinfo failed

During handling of the above exception, another exception occurred:

Traceback (most recent call last):
  File "C:\ProgramData\Anaconda3\lib\site-packages\urllib3\connectionpool.py", line 699, in urlopen
    httplib_response = self._make_request(
  File "C:\ProgramData\Anaconda3\lib\site-packages\urllib3\connectionpool.py", line 382, in _make_request
    self._validate_conn(conn)
  File "C:\ProgramData\Anaconda3\lib\site-packages\urllib3\connectionpool.py", line 1010, in _validate_conn
    conn.connect()
  File "C:\ProgramData\Anaconda3\lib\site-packages\urllib3\connection.py", line 353, in connect
    conn = self._new_conn()
  File "C:\ProgramData\Anaconda3\lib\site-packages\urllib3\connection.py", line 181, in _new_conn
    raise NewConnectionError(
urllib3.exceptions.NewConnectionError: <urllib3.connection.HTTPSConnection object at 0x00000297FE4C7070>: Failed to establish a new connection: [Errno 11001] getaddrinfo failed

During handling of the above exception, another exception occurred:

Traceback (most recent call last):
  File "C:\ProgramData\Anaconda3\lib\site-packages\requests\adapters.py", line 439, in send
    resp = conn.urlopen(
  File "C:\ProgramData\Anaconda3\lib\site-packages\urllib3\connectionpool.py", line 755, in urlopen
    retries = retries.increment(
  File "C:\ProgramData\Anaconda3\lib\site-packages\urllib3\util\retry.py", line 574, in increment
    raise MaxRetryError(_pool, url, error or ResponseError(cause))
urllib3.exceptions.MaxRetryError: HTTPSConnectionPool(host='api.wandb.ai', port=443): Max retries exceeded with url: /graphql (Caused by NewConnectionError('<urllib3.connection.HTTPSConnection object at 0x00000297FE4C7070>: Failed to establish a new connection: [Errno 11001] getaddrinfo failed'))

During handling of the above exception, another exception occurred:

Traceback (most recent call last):
  File "C:\ProgramData\Anaconda3\lib\site-packages\wandb\sdk\lib\retry.py", line 102, in __call__
    result = self._call_fn(*args, **kwargs)
  File "C:\ProgramData\Anaconda3\lib\site-packages\wandb\sdk\internal\internal_api.py", line 141, in execute
    return self.client.execute(*args, **kwargs)
  File "C:\ProgramData\Anaconda3\lib\site-packages\wandb\vendor\gql-0.2.0\gql\client.py", line 52, in execute
    result = self._get_result(document, *args, **kwargs)
  File "C:\ProgramData\Anaconda3\lib\site-packages\wandb\vendor\gql-0.2.0\gql\client.py", line 60, in _get_result
    return self.transport.execute(document, *args, **kwargs)
  File "C:\ProgramData\Anaconda3\lib\site-packages\wandb\vendor\gql-0.2.0\gql\transport\requests.py", line 38, in execute
    request = requests.post(self.url, **post_args)
  File "C:\ProgramData\Anaconda3\lib\site-packages\requests\api.py", line 119, in post
    return request('post', url, data=data, json=json, **kwargs)
  File "C:\ProgramData\Anaconda3\lib\site-packages\requests\api.py", line 61, in request
    return session.request(method=method, url=url, **kwargs)
  File "C:\ProgramData\Anaconda3\lib\site-packages\requests\sessions.py", line 542, in request
    resp = self.send(prep, **send_kwargs)
  File "C:\ProgramData\Anaconda3\lib\site-packages\requests\sessions.py", line 655, in send
    r = adapter.send(request, **kwargs)
  File "C:\ProgramData\Anaconda3\lib\site-packages\requests\adapters.py", line 516, in send
    raise ConnectionError(e, request=request)
requests.exceptions.ConnectionError: HTTPSConnectionPool(host='api.wandb.ai', port=443): Max retries exceeded with url: /graphql (Caused by NewConnectionError('<urllib3.connection.HTTPSConnection object at 0x00000297FE4C7070>: Failed to establish a new connection: [Errno 11001] getaddrinfo failed'))
2021-11-08 15:53:30,453 DEBUG   HandlerThread:8304 [handler.py:handle_request():130] handle_request: shutdown
2021-11-08 15:53:30,453 INFO    HandlerThread:8304 [handler.py:finish():731] shutting down handler
2021-11-08 15:53:30,859 INFO    WriterThread:8304 [datastore.py:close():281] close: D:\5th sem project\wandb\run-20211108_155258-18dcn2qd\run-18dcn2qd.wandb
2021-11-08 15:54:10,115 INFO    SenderThread:8304 [dir_watcher.py:__init__():169] watching files in: D:\5th sem project\wandb\run-20211108_155258-18dcn2qd\files
2021-11-08 15:54:10,115 INFO    SenderThread:8304 [sender.py:_start_run_threads():825] run started: 18dcn2qd with start time 1636366978
2021-11-08 15:54:10,115 INFO    SenderThread:8304 [sender.py:finish():1091] shutting down sender
2021-11-08 15:54:10,116 INFO    SenderThread:8304 [dir_watcher.py:finish():283] shutting down directory watcher
2021-11-08 15:54:11,122 INFO    SenderThread:8304 [dir_watcher.py:finish():313] scan: D:\5th sem project\wandb\run-20211108_155258-18dcn2qd\files
2021-11-08 15:54:11,122 INFO    SenderThread:8304 [dir_watcher.py:finish():327] scan save: D:\5th sem project\wandb\run-20211108_155258-18dcn2qd\files\config.yaml config.yaml
2021-11-08 15:54:11,123 INFO    SenderThread:8304 [file_pusher.py:finish():177] shutting down file pusher
2021-11-08 15:54:11,123 INFO    SenderThread:8304 [file_pusher.py:join():182] waiting for file pusher
2021-11-08 15:54:12,860 INFO    Thread-10 :8304 [upload_job.py:push():137] Uploaded file D:\5th sem project\wandb\run-20211108_155258-18dcn2qd\files\config.yaml
2021-11-08 15:54:13,691 INFO    MainThread:8304 [internal.py:handle_exit():77] Internal process exited
